# JRE version: OpenJDK Runtime Environment Temurin-21.0.8+9 (21.0.8+9) (build 21.0.8+9-LTS)
# Java VM: OpenJDK 64-Bit Server VM Temurin-21.0.8+9 (21.0.8+9-LTS, mixed mode, sharing, tiered, compressed oops, compressed class ptrs, parallel gc, windows-amd64)
GC Precious Log:
 CardTable entry size: 512
 CPUs: 8 total, 8 available
 Memory: 7914M
 Large Page Support: Disabled
 NUMA Support: Disabled
 Compressed Oops: Enabled (32-bit)
 Alignments: Space 512K, Generation 512K, Heap 2M
 Heap Min Capacity: 100M
 Heap Initial Capacity: 100M
 Heap Max Capacity: 2G
 Pre-touch: Disabled
 Parallel Workers: 8
Heap:
 PSYoungGen      total 2560K, used 885K [0x00000000d5580000, 0x00000000d5900000, 0x0000000100000000)
  eden space 1536K, 28% used [0x00000000d5580000,0x00000000d55ed698,0x00000000d5700000)
  from space 1024K, 43% used [0x00000000d5700000,0x00000000d5770000,0x00000000d5800000)
  to   space 512K, 0% used [0x00000000d5880000,0x00000000d5880000,0x00000000d5900000)
 ParOldGen       total 1011200K, used 1010803K [0x0000000080000000, 0x00000000bdb80000, 0x00000000d5580000)
  object space 1011200K, 99% used [0x0000000080000000,0x00000000bdb1ccf8,0x00000000bdb80000)
 Metaspace       used 81729K, committed 83520K, reserved 1179648K
  class space    used 8223K, committed 9088K, reserved 1048576K
GC Heap History (20 events):
Event: 7117.280 GC heap before
{Heap before GC invocations=2653 (full 5):
 PSYoungGen      total 1536K, used 1056K [0x00000000d5580000, 0x00000000d5a00000, 0x0000000100000000)
  eden space 512K, 100% used [0x00000000d5580000,0x00000000d5600000,0x00000000d5600000)
  from space 1024K, 53% used [0x00000000d5600000,0x00000000d5688000,0x00000000d5700000)
  to   space 2048K, 0% used [0x00000000d5800000,0x00000000d5800000,0x00000000d5a00000)
 ParOldGen       total 1005056K, used 1004979K [0x0000000080000000, 0x00000000bd580000, 0x00000000d5580000)
  object space 1005056K, 99% used [0x0000000080000000,0x00000000bd56cf18,0x00000000bd580000)
 Metaspace       used 81704K, committed 83456K, reserved 1179648K
  class space    used 8223K, committed 9088K, reserved 1048576K
}
Event: 7117.292 GC heap after
{Heap after GC invocations=2653 (full 5):
 PSYoungGen      total 1536K, used 608K [0x00000000d5580000, 0x00000000d5900000, 0x0000000100000000)
  eden space 512K, 0% used [0x00000000d5580000,0x00000000d5580000,0x00000000d5600000)
  from space 1024K, 59% used [0x00000000d5800000,0x00000000d5898000,0x00000000d5900000)
  to   space 1024K, 0% used [0x00000000d5600000,0x00000000d5600000,0x00000000d5700000)
 ParOldGen       total 1005568K, used 1005467K [0x0000000080000000, 0x00000000bd600000, 0x00000000d5580000)
  object space 1005568K, 99% used [0x0000000080000000,0x00000000bd5e6f18,0x00000000bd600000)
 Metaspace       used 81704K, committed 83456K, reserved 1179648K
  class space    used 8223K, committed 9088K, reserved 1048576K
}
Event: 7117.312 GC heap before
{Heap before GC invocations=2654 (full 5):
 PSYoungGen      total 1536K, used 1120K [0x00000000d5580000, 0x00000000d5900000, 0x0000000100000000)
  eden space 512K, 100% used [0x00000000d5580000,0x00000000d5600000,0x00000000d5600000)
  from space 1024K, 59% used [0x00000000d5800000,0x00000000d5898000,0x00000000d5900000)
  to   space 1024K, 0% used [0x00000000d5600000,0x00000000d5600000,0x00000000d5700000)
 ParOldGen       total 1005568K, used 1005467K [0x0000000080000000, 0x00000000bd600000, 0x00000000d5580000)
  object space 1005568K, 99% used [0x0000000080000000,0x00000000bd5e6f18,0x00000000bd600000)
 Metaspace       used 81704K, committed 83456K, reserved 1179648K
  class space    used 8223K, committed 9088K, reserved 1048576K
}
Event: 7117.319 GC heap after
{Heap after GC invocations=2654 (full 5):
 PSYoungGen      total 1536K, used 591K [0x00000000d5580000, 0x00000000d5880000, 0x0000000100000000)
  eden space 512K, 0% used [0x00000000d5580000,0x00000000d5580000,0x00000000d5600000)
  from space 1024K, 57% used [0x00000000d5600000,0x00000000d5693db0,0x00000000d5700000)
  to   space 1024K, 0% used [0x00000000d5780000,0x00000000d5780000,0x00000000d5880000)
 ParOldGen       total 1006080K, used 1005971K [0x0000000080000000, 0x00000000bd680000, 0x00000000d5580000)
  object space 1006080K, 99% used [0x0000000080000000,0x00000000bd664f18,0x00000000bd680000)
 Metaspace       used 81704K, committed 83456K, reserved 1179648K
  class space    used 8223K, committed 9088K, reserved 1048576K
}
Event: 7117.340 GC heap before
{Heap before GC invocations=2655 (full 5):
 PSYoungGen      total 1536K, used 1103K [0x00000000d5580000, 0x00000000d5880000, 0x0000000100000000)
  eden space 512K, 100% used [0x00000000d5580000,0x00000000d5600000,0x00000000d5600000)
  from space 1024K, 57% used [0x00000000d5600000,0x00000000d5693db0,0x00000000d5700000)
  to   space 1024K, 0% used [0x00000000d5780000,0x00000000d5780000,0x00000000d5880000)
 ParOldGen       total 1006080K, used 1005971K [0x0000000080000000, 0x00000000bd680000, 0x00000000d5580000)
  object space 1006080K, 99% used [0x0000000080000000,0x00000000bd664f18,0x00000000bd680000)
 Metaspace       used 81704K, committed 83456K, reserved 1179648K
  class space    used 8223K, committed 9088K, reserved 1048576K
}
Event: 7117.351 GC heap after
{Heap after GC invocations=2655 (full 5):
 PSYoungGen      total 2048K, used 512K [0x00000000d5580000, 0x00000000d5880000, 0x0000000100000000)
  eden space 1024K, 0% used [0x00000000d5580000,0x00000000d5580000,0x00000000d5680000)
  from space 1024K, 50% used [0x00000000d5780000,0x00000000d5800000,0x00000000d5880000)
  to   space 1024K, 0% used [0x00000000d5680000,0x00000000d5680000,0x00000000d5780000)
 ParOldGen       total 1006592K, used 1006483K [0x0000000080000000, 0x00000000bd700000, 0x00000000d5580000)
  object space 1006592K, 99% used [0x0000000080000000,0x00000000bd6e4cc8,0x00000000bd700000)
 Metaspace       used 81704K, committed 83456K, reserved 1179648K
  class space    used 8223K, committed 9088K, reserved 1048576K
}
Event: 7117.377 GC heap before
{Heap before GC invocations=2656 (full 5):
 PSYoungGen      total 2048K, used 1536K [0x00000000d5580000, 0x00000000d5880000, 0x0000000100000000)
  eden space 1024K, 100% used [0x00000000d5580000,0x00000000d5680000,0x00000000d5680000)
  from space 1024K, 50% used [0x00000000d5780000,0x00000000d5800000,0x00000000d5880000)
  to   space 1024K, 0% used [0x00000000d5680000,0x00000000d5680000,0x00000000d5780000)
 ParOldGen       total 1006592K, used 1006483K [0x0000000080000000, 0x00000000bd700000, 0x00000000d5580000)
  object space 1006592K, 99% used [0x0000000080000000,0x00000000bd6e4cc8,0x00000000bd700000)
 Metaspace       used 81704K, committed 83456K, reserved 1179648K
  class space    used 8223K, committed 9088K, reserved 1048576K
}
Event: 7117.386 GC heap after
{Heap after GC invocations=2656 (full 5):
 PSYoungGen      total 2048K, used 1024K [0x00000000d5580000, 0x00000000d5b00000, 0x0000000100000000)
  eden space 1024K, 0% used [0x00000000d5580000,0x00000000d5580000,0x00000000d5680000)
  from space 1024K, 100% used [0x00000000d5680000,0x00000000d5780000,0x00000000d5780000)
  to   space 2048K, 0% used [0x00000000d5900000,0x00000000d5900000,0x00000000d5b00000)
 ParOldGen       total 1007104K, used 1007019K [0x0000000080000000, 0x00000000bd780000, 0x00000000d5580000)
  object space 1007104K, 99% used [0x0000000080000000,0x00000000bd76acc8,0x00000000bd780000)
 Metaspace       used 81704K, committed 83456K, reserved 1179648K
  class space    used 8223K, committed 9088K, reserved 1048576K
}
Event: 7117.411 GC heap before
{Heap before GC invocations=2657 (full 5):
 PSYoungGen      total 2048K, used 2048K [0x00000000d5580000, 0x00000000d5b00000, 0x0000000100000000)
  eden space 1024K, 100% used [0x00000000d5580000,0x00000000d5680000,0x00000000d5680000)
  from space 1024K, 100% used [0x00000000d5680000,0x00000000d5780000,0x00000000d5780000)
  to   space 2048K, 0% used [0x00000000d5900000,0x00000000d5900000,0x00000000d5b00000)
 ParOldGen       total 1007104K, used 1007019K [0x0000000080000000, 0x00000000bd780000, 0x00000000d5580000)
  object space 1007104K, 99% used [0x0000000080000000,0x00000000bd76acc8,0x00000000bd780000)
 Metaspace       used 81704K, committed 83456K, reserved 1179648K
  class space    used 8223K, committed 9088K, reserved 1048576K
}
Event: 7117.425 GC heap after
{Heap after GC invocations=2657 (full 5):
 PSYoungGen      total 3072K, used 1120K [0x00000000d5580000, 0x00000000d5a80000, 0x0000000100000000)
  eden space 1536K, 0% used [0x00000000d5580000,0x00000000d5580000,0x00000000d5700000)
  from space 1536K, 72% used [0x00000000d5900000,0x00000000d5a18000,0x00000000d5a80000)
  to   space 1536K, 0% used [0x00000000d5780000,0x00000000d5780000,0x00000000d5900000)
 ParOldGen       total 1008128K, used 1008027K [0x0000000080000000, 0x00000000bd880000, 0x00000000d5580000)
  object space 1008128K, 99% used [0x0000000080000000,0x00000000bd866cc8,0x00000000bd880000)
 Metaspace       used 81704K, committed 83456K, reserved 1179648K
  class space    used 8223K, committed 9088K, reserved 1048576K
}
Event: 7119.011 GC heap before
{Heap before GC invocations=2658 (full 5):
 PSYoungGen      total 3072K, used 2656K [0x00000000d5580000, 0x00000000d5a80000, 0x0000000100000000)
  eden space 1536K, 100% used [0x00000000d5580000,0x00000000d5700000,0x00000000d5700000)
  from space 1536K, 72% used [0x00000000d5900000,0x00000000d5a18000,0x00000000d5a80000)
  to   space 1536K, 0% used [0x00000000d5780000,0x00000000d5780000,0x00000000d5900000)
 ParOldGen       total 1008128K, used 1008027K [0x0000000080000000, 0x00000000bd880000, 0x00000000d5580000)
  object space 1008128K, 99% used [0x0000000080000000,0x00000000bd866cc8,0x00000000bd880000)
 Metaspace       used 81704K, committed 83456K, reserved 1179648K
  class space    used 8223K, committed 9088K, reserved 1048576K
}
Event: 7119.032 GC heap after
{Heap after GC invocations=2658 (full 5):
 PSYoungGen      total 2560K, used 928K [0x00000000d5580000, 0x00000000d5980000, 0x0000000100000000)
  eden space 1536K, 0% used [0x00000000d5580000,0x00000000d5580000,0x00000000d5700000)
  from space 1024K, 90% used [0x00000000d5780000,0x00000000d5868000,0x00000000d5880000)
  to   space 1024K, 0% used [0x00000000d5880000,0x00000000d5880000,0x00000000d5980000)
 ParOldGen       total 1009152K, used 1009059K [0x0000000080000000, 0x00000000bd980000, 0x00000000d5580000)
  object space 1009152K, 99% used [0x0000000080000000,0x00000000bd968cc8,0x00000000bd980000)
 Metaspace       used 81704K, committed 83456K, reserved 1179648K
  class space    used 8223K, committed 9088K, reserved 1048576K
}
Event: 7122.319 GC heap before
{Heap before GC invocations=2659 (full 5):
 PSYoungGen      total 2560K, used 2464K [0x00000000d5580000, 0x00000000d5980000, 0x0000000100000000)
  eden space 1536K, 100% used [0x00000000d5580000,0x00000000d5700000,0x00000000d5700000)
  from space 1024K, 90% used [0x00000000d5780000,0x00000000d5868000,0x00000000d5880000)
  to   space 1024K, 0% used [0x00000000d5880000,0x00000000d5880000,0x00000000d5980000)
 ParOldGen       total 1009152K, used 1009059K [0x0000000080000000, 0x00000000bd980000, 0x00000000d5580000)
  object space 1009152K, 99% used [0x0000000080000000,0x00000000bd968cc8,0x00000000bd980000)
 Metaspace       used 81704K, committed 83456K, reserved 1179648K
  class space    used 8223K, committed 9088K, reserved 1048576K
}
Event: 7122.369 GC heap after
{Heap after GC invocations=2659 (full 5):
 PSYoungGen      total 2048K, used 160K [0x00000000d5580000, 0x00000000d5900000, 0x0000000100000000)
  eden space 1536K, 0% used [0x00000000d5580000,0x00000000d5580000,0x00000000d5700000)
  from space 512K, 31% used [0x00000000d5880000,0x00000000d58a8000,0x00000000d5900000)
  to   space 512K, 0% used [0x00000000d5800000,0x00000000d5800000,0x00000000d5880000)
 ParOldGen       total 1010176K, used 1009891K [0x0000000080000000, 0x00000000bda80000, 0x00000000d5580000)
  object space 1010176K, 99% used [0x0000000080000000,0x00000000bda38cc8,0x00000000bda80000)
 Metaspace       used 81704K, committed 83456K, reserved 1179648K
  class space    used 8223K, committed 9088K, reserved 1048576K
}
Event: 7123.920 GC heap before
{Heap before GC invocations=2660 (full 5):
 PSYoungGen      total 2048K, used 1696K [0x00000000d5580000, 0x00000000d5900000, 0x0000000100000000)
  eden space 1536K, 100% used [0x00000000d5580000,0x00000000d5700000,0x00000000d5700000)
  from space 512K, 31% used [0x00000000d5880000,0x00000000d58a8000,0x00000000d5900000)
  to   space 512K, 0% used [0x00000000d5800000,0x00000000d5800000,0x00000000d5880000)
 ParOldGen       total 1010176K, used 1009891K [0x0000000080000000, 0x00000000bda80000, 0x00000000d5580000)
  object space 1010176K, 99% used [0x0000000080000000,0x00000000bda38cc8,0x00000000bda80000)
 Metaspace       used 81704K, committed 83456K, reserved 1179648K
  class space    used 8223K, committed 9088K, reserved 1048576K
}
Event: 7123.937 GC heap after
{Heap after GC invocations=2660 (full 5):
 PSYoungGen      total 2048K, used 512K [0x00000000d5580000, 0x00000000d5900000, 0x0000000100000000)
  eden space 1536K, 0% used [0x00000000d5580000,0x00000000d5580000,0x00000000d5700000)
  from space 512K, 100% used [0x00000000d5800000,0x00000000d5880000,0x00000000d5880000)
  to   space 512K, 0% used [0x00000000d5880000,0x00000000d5880000,0x00000000d5900000)
 ParOldGen       total 1010176K, used 1009899K [0x0000000080000000, 0x00000000bda80000, 0x00000000d5580000)
  object space 1010176K, 99% used [0x0000000080000000,0x00000000bda3acc8,0x00000000bda80000)
 Metaspace       used 81704K, committed 83456K, reserved 1179648K
  class space    used 8223K, committed 9088K, reserved 1048576K
}
Event: 7124.042 GC heap before
{Heap before GC invocations=2661 (full 5):
 PSYoungGen      total 2048K, used 2048K [0x00000000d5580000, 0x00000000d5900000, 0x0000000100000000)
  eden space 1536K, 100% used [0x00000000d5580000,0x00000000d5700000,0x00000000d5700000)
  from space 512K, 100% used [0x00000000d5800000,0x00000000d5880000,0x00000000d5880000)
  to   space 512K, 0% used [0x00000000d5880000,0x00000000d5880000,0x00000000d5900000)
 ParOldGen       total 1010176K, used 1009899K [0x0000000080000000, 0x00000000bda80000, 0x00000000d5580000)
  object space 1010176K, 99% used [0x0000000080000000,0x00000000bda3acc8,0x00000000bda80000)
 Metaspace       used 81704K, committed 83456K, reserved 1179648K
  class space    used 8223K, committed 9088K, reserved 1048576K
}
Event: 7124.054 GC heap after
{Heap after GC invocations=2661 (full 5):
 PSYoungGen      total 2048K, used 512K [0x00000000d5580000, 0x00000000d5900000, 0x0000000100000000)
  eden space 1536K, 0% used [0x00000000d5580000,0x00000000d5580000,0x00000000d5700000)
  from space 512K, 100% used [0x00000000d5880000,0x00000000d5900000,0x00000000d5900000)
  to   space 1024K, 0% used [0x00000000d5700000,0x00000000d5700000,0x00000000d5800000)
 ParOldGen       total 1010688K, used 1010331K [0x0000000080000000, 0x00000000bdb00000, 0x00000000d5580000)
  object space 1010688K, 99% used [0x0000000080000000,0x00000000bdaa6cd8,0x00000000bdb00000)
 Metaspace       used 81704K, committed 83456K, reserved 1179648K
  class space    used 8223K, committed 9088K, reserved 1048576K
}
Event: 7162.370 GC heap before
{Heap before GC invocations=2662 (full 5):
 PSYoungGen      total 2048K, used 2047K [0x00000000d5580000, 0x00000000d5900000, 0x0000000100000000)
  eden space 1536K, 99% used [0x00000000d5580000,0x00000000d56fff88,0x00000000d5700000)
  from space 512K, 100% used [0x00000000d5880000,0x00000000d5900000,0x00000000d5900000)
  to   space 1024K, 0% used [0x00000000d5700000,0x00000000d5700000,0x00000000d5800000)
 ParOldGen       total 1010688K, used 1010331K [0x0000000080000000, 0x00000000bdb00000, 0x00000000d5580000)
  object space 1010688K, 99% used [0x0000000080000000,0x00000000bdaa6cd8,0x00000000bdb00000)
 Metaspace       used 81704K, committed 83456K, reserved 1179648K
  class space    used 8223K, committed 9088K, reserved 1048576K
}
Event: 7162.408 GC heap after
{Heap after GC invocations=2662 (full 5):
 PSYoungGen      total 2560K, used 448K [0x00000000d5580000, 0x00000000d5900000, 0x0000000100000000)
  eden space 1536K, 0% used [0x00000000d5580000,0x00000000d5580000,0x00000000d5700000)
  from space 1024K, 43% used [0x00000000d5700000,0x00000000d5770000,0x00000000d5800000)
  to   space 512K, 0% used [0x00000000d5880000,0x00000000d5880000,0x00000000d5900000)
 ParOldGen       total 1011200K, used 1010803K [0x0000000080000000, 0x00000000bdb80000, 0x00000000d5580000)
  object space 1011200K, 99% used [0x0000000080000000,0x00000000bdb1ccf8,0x00000000bdb80000)
 Metaspace       used 81704K, committed 83456K, reserved 1179648K
  class space    used 8223K, committed 9088K, reserved 1048576K
}

