# JRE version: OpenJDK Runtime Environment Temurin-21.0.8+9 (21.0.8+9) (build 21.0.8+9-LTS)
# Java VM: OpenJDK 64-Bit Server VM Temurin-21.0.8+9 (21.0.8+9-LTS, mixed mode, sharing, tiered, compressed oops, compressed class ptrs, parallel gc, windows-amd64)
GC Precious Log:
 CardTable entry size: 512
 CPUs: 8 total, 8 available
 Memory: 7914M
 Large Page Support: Disabled
 NUMA Support: Disabled
 Compressed Oops: Enabled (32-bit)
 Alignments: Space 512K, Generation 512K, Heap 2M
 Heap Min Capacity: 100M
 Heap Initial Capacity: 100M
 Heap Max Capacity: 2G
 Pre-touch: Disabled
 Parallel Workers: 8
Heap:
 PSYoungGen      total 22528K, used 2409K [0x00000000d5580000, 0x00000000d7200000, 0x0000000100000000)
  eden space 22016K, 8% used [0x00000000d5580000,0x00000000d57626b0,0x00000000d6b00000)
  from space 512K, 93% used [0x00000000d7180000,0x00000000d71f8000,0x00000000d7200000)
  to   space 1024K, 0% used [0x00000000d7000000,0x00000000d7000000,0x00000000d7100000)
 ParOldGen       total 162816K, used 162749K [0x0000000080000000, 0x0000000089f00000, 0x00000000d5580000)
  object space 162816K, 99% used [0x0000000080000000,0x0000000089eef498,0x0000000089f00000)
 Metaspace       used 67488K, committed 69120K, reserved 1114112K
  class space    used 7029K, committed 7744K, reserved 1048576K
GC Heap History (20 events):
Event: 62.697 GC heap before
{Heap before GC invocations=56 (full 3):
 PSYoungGen      total 24064K, used 23808K [0x00000000d5580000, 0x00000000d7780000, 0x0000000100000000)
  eden space 22016K, 100% used [0x00000000d5580000,0x00000000d6b00000,0x00000000d6b00000)
  from space 2048K, 87% used [0x00000000d7580000,0x00000000d7740040,0x00000000d7780000)
  to   space 3072K, 0% used [0x00000000d7180000,0x00000000d7180000,0x00000000d7480000)
 ParOldGen       total 143872K, used 143650K [0x0000000080000000, 0x0000000088c80000, 0x00000000d5580000)
  object space 143872K, 99% used [0x0000000080000000,0x0000000088c48b30,0x0000000088c80000)
 Metaspace       used 65678K, committed 67264K, reserved 1114112K
  class space    used 6952K, committed 7680K, reserved 1048576K
}
Event: 62.704 GC heap after
{Heap after GC invocations=56 (full 3):
 PSYoungGen      total 25088K, used 3040K [0x00000000d5580000, 0x00000000d7600000, 0x0000000100000000)
  eden space 22016K, 0% used [0x00000000d5580000,0x00000000d5580000,0x00000000d6b00000)
  from space 3072K, 98% used [0x00000000d7180000,0x00000000d7478040,0x00000000d7480000)
  to   space 1536K, 0% used [0x00000000d7480000,0x00000000d7480000,0x00000000d7600000)
 ParOldGen       total 145920K, used 145524K [0x0000000080000000, 0x0000000088e80000, 0x00000000d5580000)
  object space 145920K, 99% used [0x0000000080000000,0x0000000088e1d1e0,0x0000000088e80000)
 Metaspace       used 65678K, committed 67264K, reserved 1114112K
  class space    used 6952K, committed 7680K, reserved 1048576K
}
Event: 62.999 GC heap before
{Heap before GC invocations=57 (full 3):
 PSYoungGen      total 25088K, used 25056K [0x00000000d5580000, 0x00000000d7600000, 0x0000000100000000)
  eden space 22016K, 100% used [0x00000000d5580000,0x00000000d6b00000,0x00000000d6b00000)
  from space 3072K, 98% used [0x00000000d7180000,0x00000000d7478040,0x00000000d7480000)
  to   space 1536K, 0% used [0x00000000d7480000,0x00000000d7480000,0x00000000d7600000)
 ParOldGen       total 145920K, used 145524K [0x0000000080000000, 0x0000000088e80000, 0x00000000d5580000)
  object space 145920K, 99% used [0x0000000080000000,0x0000000088e1d1e0,0x0000000088e80000)
 Metaspace       used 65882K, committed 67456K, reserved 1114112K
  class space    used 6962K, committed 7680K, reserved 1048576K
}
Event: 63.007 GC heap after
{Heap after GC invocations=57 (full 3):
 PSYoungGen      total 23552K, used 1536K [0x00000000d5580000, 0x00000000d7700000, 0x0000000100000000)
  eden space 22016K, 0% used [0x00000000d5580000,0x00000000d5580000,0x00000000d6b00000)
  from space 1536K, 100% used [0x00000000d7480000,0x00000000d7600000,0x00000000d7600000)
  to   space 6144K, 0% used [0x00000000d6b00000,0x00000000d6b00000,0x00000000d7100000)
 ParOldGen       total 149504K, used 149433K [0x0000000080000000, 0x0000000089200000, 0x00000000d5580000)
  object space 149504K, 99% used [0x0000000080000000,0x00000000891ee6d0,0x0000000089200000)
 Metaspace       used 65882K, committed 67456K, reserved 1114112K
  class space    used 6962K, committed 7680K, reserved 1048576K
}
Event: 63.591 GC heap before
{Heap before GC invocations=58 (full 3):
 PSYoungGen      total 23552K, used 23551K [0x00000000d5580000, 0x00000000d7700000, 0x0000000100000000)
  eden space 22016K, 99% used [0x00000000d5580000,0x00000000d6affff8,0x00000000d6b00000)
  from space 1536K, 100% used [0x00000000d7480000,0x00000000d7600000,0x00000000d7600000)
  to   space 6144K, 0% used [0x00000000d6b00000,0x00000000d6b00000,0x00000000d7100000)
 ParOldGen       total 149504K, used 149433K [0x0000000080000000, 0x0000000089200000, 0x00000000d5580000)
  object space 149504K, 99% used [0x0000000080000000,0x00000000891ee6d0,0x0000000089200000)
 Metaspace       used 66164K, committed 67712K, reserved 1114112K
  class space    used 6977K, committed 7680K, reserved 1048576K
}
Event: 63.596 GC heap after
{Heap after GC invocations=58 (full 3):
 PSYoungGen      total 28160K, used 1584K [0x00000000d5580000, 0x00000000d7500000, 0x0000000100000000)
  eden space 22016K, 0% used [0x00000000d5580000,0x00000000d5580000,0x00000000d6b00000)
  from space 6144K, 25% used [0x00000000d6b00000,0x00000000d6c8c070,0x00000000d7100000)
  to   space 3072K, 0% used [0x00000000d7200000,0x00000000d7200000,0x00000000d7500000)
 ParOldGen       total 151040K, used 150981K [0x0000000080000000, 0x0000000089380000, 0x00000000d5580000)
  object space 151040K, 99% used [0x0000000080000000,0x0000000089371548,0x0000000089380000)
 Metaspace       used 66164K, committed 67712K, reserved 1114112K
  class space    used 6977K, committed 7680K, reserved 1048576K
}
Event: 64.155 GC heap before
{Heap before GC invocations=59 (full 3):
 PSYoungGen      total 28160K, used 23600K [0x00000000d5580000, 0x00000000d7500000, 0x0000000100000000)
  eden space 22016K, 99% used [0x00000000d5580000,0x00000000d6afffe8,0x00000000d6b00000)
  from space 6144K, 25% used [0x00000000d6b00000,0x00000000d6c8c070,0x00000000d7100000)
  to   space 3072K, 0% used [0x00000000d7200000,0x00000000d7200000,0x00000000d7500000)
 ParOldGen       total 151040K, used 150981K [0x0000000080000000, 0x0000000089380000, 0x00000000d5580000)
  object space 151040K, 99% used [0x0000000080000000,0x0000000089371548,0x0000000089380000)
 Metaspace       used 66543K, committed 68160K, reserved 1114112K
  class space    used 7001K, committed 7744K, reserved 1048576K
}
Event: 64.160 GC heap after
{Heap after GC invocations=59 (full 3):
 PSYoungGen      total 24576K, used 2490K [0x00000000d5580000, 0x00000000d7480000, 0x0000000100000000)
  eden space 22016K, 0% used [0x00000000d5580000,0x00000000d5580000,0x00000000d6b00000)
  from space 2560K, 97% used [0x00000000d7200000,0x00000000d746ea58,0x00000000d7480000)
  to   space 3072K, 0% used [0x00000000d6e80000,0x00000000d6e80000,0x00000000d7180000)
 ParOldGen       total 152576K, used 152429K [0x0000000080000000, 0x0000000089500000, 0x00000000d5580000)
  object space 152576K, 99% used [0x0000000080000000,0x00000000894db628,0x0000000089500000)
 Metaspace       used 66543K, committed 68160K, reserved 1114112K
  class space    used 7001K, committed 7744K, reserved 1048576K
}
Event: 64.971 GC heap before
{Heap before GC invocations=60 (full 3):
 PSYoungGen      total 24576K, used 24506K [0x00000000d5580000, 0x00000000d7480000, 0x0000000100000000)
  eden space 22016K, 100% used [0x00000000d5580000,0x00000000d6b00000,0x00000000d6b00000)
  from space 2560K, 97% used [0x00000000d7200000,0x00000000d746ea58,0x00000000d7480000)
  to   space 3072K, 0% used [0x00000000d6e80000,0x00000000d6e80000,0x00000000d7180000)
 ParOldGen       total 152576K, used 152429K [0x0000000080000000, 0x0000000089500000, 0x00000000d5580000)
  object space 152576K, 99% used [0x0000000080000000,0x00000000894db628,0x0000000089500000)
 Metaspace       used 66724K, committed 68416K, reserved 1114112K
  class space    used 7001K, committed 7744K, reserved 1048576K
}
Event: 64.975 GC heap after
{Heap after GC invocations=60 (full 3):
 PSYoungGen      total 25088K, used 3046K [0x00000000d5580000, 0x00000000d7800000, 0x0000000100000000)
  eden space 22016K, 0% used [0x00000000d5580000,0x00000000d5580000,0x00000000d6b00000)
  from space 3072K, 99% used [0x00000000d6e80000,0x00000000d7179aa0,0x00000000d7180000)
  to   space 6656K, 0% used [0x00000000d7180000,0x00000000d7180000,0x00000000d7800000)
 ParOldGen       total 155136K, used 155087K [0x0000000080000000, 0x0000000089780000, 0x00000000d5580000)
  object space 155136K, 99% used [0x0000000080000000,0x0000000089773ef8,0x0000000089780000)
 Metaspace       used 66724K, committed 68416K, reserved 1114112K
  class space    used 7001K, committed 7744K, reserved 1048576K
}
Event: 65.341 GC heap before
{Heap before GC invocations=61 (full 3):
 PSYoungGen      total 25088K, used 25062K [0x00000000d5580000, 0x00000000d7800000, 0x0000000100000000)
  eden space 22016K, 100% used [0x00000000d5580000,0x00000000d6b00000,0x00000000d6b00000)
  from space 3072K, 99% used [0x00000000d6e80000,0x00000000d7179aa0,0x00000000d7180000)
  to   space 6656K, 0% used [0x00000000d7180000,0x00000000d7180000,0x00000000d7800000)
 ParOldGen       total 155136K, used 155087K [0x0000000080000000, 0x0000000089780000, 0x00000000d5580000)
  object space 155136K, 99% used [0x0000000080000000,0x0000000089773ef8,0x0000000089780000)
 Metaspace       used 66831K, committed 68480K, reserved 1114112K
  class space    used 7006K, committed 7744K, reserved 1048576K
}
Event: 65.343 GC heap after
{Heap after GC invocations=61 (full 3):
 PSYoungGen      total 23552K, used 1152K [0x00000000d5580000, 0x00000000d7300000, 0x0000000100000000)
  eden space 22016K, 0% used [0x00000000d5580000,0x00000000d5580000,0x00000000d6b00000)
  from space 1536K, 75% used [0x00000000d7180000,0x00000000d72a0000,0x00000000d7300000)
  to   space 3072K, 0% used [0x00000000d6d00000,0x00000000d6d00000,0x00000000d7000000)
 ParOldGen       total 156160K, used 155699K [0x0000000080000000, 0x0000000089880000, 0x00000000d5580000)
  object space 156160K, 99% used [0x0000000080000000,0x000000008980cc70,0x0000000089880000)
 Metaspace       used 66831K, committed 68480K, reserved 1114112K
  class space    used 7006K, committed 7744K, reserved 1048576K
}
Event: 68.953 GC heap before
{Heap before GC invocations=62 (full 3):
 PSYoungGen      total 23552K, used 23168K [0x00000000d5580000, 0x00000000d7300000, 0x0000000100000000)
  eden space 22016K, 100% used [0x00000000d5580000,0x00000000d6b00000,0x00000000d6b00000)
  from space 1536K, 75% used [0x00000000d7180000,0x00000000d72a0000,0x00000000d7300000)
  to   space 3072K, 0% used [0x00000000d6d00000,0x00000000d6d00000,0x00000000d7000000)
 ParOldGen       total 156160K, used 155699K [0x0000000080000000, 0x0000000089880000, 0x00000000d5580000)
  object space 156160K, 99% used [0x0000000080000000,0x000000008980cc70,0x0000000089880000)
 Metaspace       used 66939K, committed 68544K, reserved 1114112K
  class space    used 7008K, committed 7744K, reserved 1048576K
}
Event: 68.961 GC heap after
{Heap after GC invocations=62 (full 3):
 PSYoungGen      total 25088K, used 3060K [0x00000000d5580000, 0x00000000d7a00000, 0x0000000100000000)
  eden space 22016K, 0% used [0x00000000d5580000,0x00000000d5580000,0x00000000d6b00000)
  from space 3072K, 99% used [0x00000000d6d00000,0x00000000d6ffd008,0x00000000d7000000)
  to   space 7680K, 0% used [0x00000000d7280000,0x00000000d7280000,0x00000000d7a00000)
 ParOldGen       total 159232K, used 159100K [0x0000000080000000, 0x0000000089b80000, 0x00000000d5580000)
  object space 159232K, 99% used [0x0000000080000000,0x0000000089b5f0b8,0x0000000089b80000)
 Metaspace       used 66939K, committed 68544K, reserved 1114112K
  class space    used 7008K, committed 7744K, reserved 1048576K
}
Event: 69.365 GC heap before
{Heap before GC invocations=63 (full 3):
 PSYoungGen      total 25088K, used 25076K [0x00000000d5580000, 0x00000000d7a00000, 0x0000000100000000)
  eden space 22016K, 100% used [0x00000000d5580000,0x00000000d6b00000,0x00000000d6b00000)
  from space 3072K, 99% used [0x00000000d6d00000,0x00000000d6ffd008,0x00000000d7000000)
  to   space 7680K, 0% used [0x00000000d7280000,0x00000000d7280000,0x00000000d7a00000)
 ParOldGen       total 159232K, used 159100K [0x0000000080000000, 0x0000000089b80000, 0x00000000d5580000)
  object space 159232K, 99% used [0x0000000080000000,0x0000000089b5f0b8,0x0000000089b80000)
 Metaspace       used 67038K, committed 68672K, reserved 1114112K
  class space    used 7008K, committed 7744K, reserved 1048576K
}
Event: 69.373 GC heap after
{Heap after GC invocations=63 (full 3):
 PSYoungGen      total 23552K, used 1344K [0x00000000d5580000, 0x00000000d7400000, 0x0000000100000000)
  eden space 22016K, 0% used [0x00000000d5580000,0x00000000d5580000,0x00000000d6b00000)
  from space 1536K, 87% used [0x00000000d7280000,0x00000000d73d0020,0x00000000d7400000)
  to   space 3584K, 0% used [0x00000000d6d00000,0x00000000d6d00000,0x00000000d7080000)
 ParOldGen       total 161280K, used 161011K [0x0000000080000000, 0x0000000089d80000, 0x00000000d5580000)
  object space 161280K, 99% used [0x0000000080000000,0x0000000089d3cd58,0x0000000089d80000)
 Metaspace       used 67038K, committed 68672K, reserved 1114112K
  class space    used 7008K, committed 7744K, reserved 1048576K
}
Event: 117.496 GC heap before
{Heap before GC invocations=64 (full 3):
 PSYoungGen      total 23552K, used 23360K [0x00000000d5580000, 0x00000000d7400000, 0x0000000100000000)
  eden space 22016K, 100% used [0x00000000d5580000,0x00000000d6b00000,0x00000000d6b00000)
  from space 1536K, 87% used [0x00000000d7280000,0x00000000d73d0020,0x00000000d7400000)
  to   space 3584K, 0% used [0x00000000d6d00000,0x00000000d6d00000,0x00000000d7080000)
 ParOldGen       total 161280K, used 161011K [0x0000000080000000, 0x0000000089d80000, 0x00000000d5580000)
  object space 161280K, 99% used [0x0000000080000000,0x0000000089d3cd58,0x0000000089d80000)
 Metaspace       used 67227K, committed 68800K, reserved 1114112K
  class space    used 7017K, committed 7744K, reserved 1048576K
}
Event: 117.500 GC heap after
{Heap after GC invocations=64 (full 3):
 PSYoungGen      total 25600K, used 672K [0x00000000d5580000, 0x00000000d7300000, 0x0000000100000000)
  eden space 22016K, 0% used [0x00000000d5580000,0x00000000d5580000,0x00000000d6b00000)
  from space 3584K, 18% used [0x00000000d6d00000,0x00000000d6da8000,0x00000000d7080000)
  to   space 1536K, 0% used [0x00000000d7180000,0x00000000d7180000,0x00000000d7300000)
 ParOldGen       total 162304K, used 162229K [0x0000000080000000, 0x0000000089e80000, 0x00000000d5580000)
  object space 162304K, 99% used [0x0000000080000000,0x0000000089e6d478,0x0000000089e80000)
 Metaspace       used 67227K, committed 68800K, reserved 1114112K
  class space    used 7017K, committed 7744K, reserved 1048576K
}
Event: 120.043 GC heap before
{Heap before GC invocations=65 (full 3):
 PSYoungGen      total 25600K, used 22688K [0x00000000d5580000, 0x00000000d7300000, 0x0000000100000000)
  eden space 22016K, 100% used [0x00000000d5580000,0x00000000d6b00000,0x00000000d6b00000)
  from space 3584K, 18% used [0x00000000d6d00000,0x00000000d6da8000,0x00000000d7080000)
  to   space 1536K, 0% used [0x00000000d7180000,0x00000000d7180000,0x00000000d7300000)
 ParOldGen       total 162304K, used 162229K [0x0000000080000000, 0x0000000089e80000, 0x00000000d5580000)
  object space 162304K, 99% used [0x0000000080000000,0x0000000089e6d478,0x0000000089e80000)
 Metaspace       used 67469K, committed 69120K, reserved 1114112K
  class space    used 7029K, committed 7744K, reserved 1048576K
}
Event: 120.047 GC heap after
{Heap after GC invocations=65 (full 3):
 PSYoungGen      total 22528K, used 480K [0x00000000d5580000, 0x00000000d7200000, 0x0000000100000000)
  eden space 22016K, 0% used [0x00000000d5580000,0x00000000d5580000,0x00000000d6b00000)
  from space 512K, 93% used [0x00000000d7180000,0x00000000d71f8000,0x00000000d7200000)
  to   space 1024K, 0% used [0x00000000d7000000,0x00000000d7000000,0x00000000d7100000)
 ParOldGen       total 162816K, used 162749K [0x0000000080000000, 0x0000000089f00000, 0x00000000d5580000)
  object space 162816K, 99% used [0x0000000080000000,0x0000000089eef498,0x0000000089f00000)
 Metaspace       used 67469K, committed 69120K, reserved 1114112K
  class space    used 7029K, committed 7744K, reserved 1048576K
}

