# JRE version: Java(TM) SE Runtime Environment (21.0.2+13) (build 21.0.2+13-LTS-58)
# Java VM: Java HotSpot(TM) 64-Bit Server VM (21.0.2+13-LTS-58, mixed mode, sharing, tiered, compressed oops, compressed class ptrs, g1 gc, windows-amd64)
GC Precious Log:
 CardTable entry size: 512
 Card Set container configuration: InlinePtr #cards 4 size 8 Array Of Cards #cards 16 size 48 Howl #buckets 8 coarsen threshold 3686 Howl Bitmap #cards 512 size 80 coarsen threshold 460 Card regions per heap region 1 cards per card region 4096
 CPUs: 12 total, 12 available
 Memory: 16173M
 Large Page Support: Disabled
 NUMA Support: Disabled
 Compressed Oops: Enabled (Zero based)
 Heap Region Size: 2M
 Heap Min Capacity: 8M
 Heap Initial Capacity: 254M
 Heap Max Capacity: 4044M
 Pre-touch: Disabled
 Parallel Workers: 10
 Concurrent Workers: 3
 Concurrent Refinement Workers: 10
 Periodic GC: Disabled
Heap:
 garbage-first heap   total 163840K, used 127817K [0x0000000703400000, 0x0000000800000000)
  region size 2048K, 46 young (94208K), 4 survivors (8192K)
 Metaspace       used 87397K, committed 88192K, reserved 1179648K
  class space    used 12074K, committed 12480K, reserved 1048576K
GC Heap History (20 events):
Event: 3629.266 GC heap before
{Heap before GC invocations=32 (full 0):
 garbage-first heap   total 79872K, used 62493K [0x0000000703400000, 0x0000000800000000)
  region size 2048K, 12 young (24576K), 2 survivors (4096K)
 Metaspace       used 85364K, committed 86272K, reserved 1179648K
  class space    used 12036K, committed 12416K, reserved 1048576K
}
Event: 3629.269 GC heap after
{Heap after GC invocations=33 (full 0):
 garbage-first heap   total 79872K, used 41942K [0x0000000703400000, 0x0000000800000000)
  region size 2048K, 2 young (4096K), 2 survivors (4096K)
 Metaspace       used 85364K, committed 86272K, reserved 1179648K
  class space    used 12036K, committed 12416K, reserved 1048576K
}
Event: 4009.671 GC heap before
{Heap before GC invocations=33 (full 0):
 garbage-first heap   total 79872K, used 66518K [0x0000000703400000, 0x0000000800000000)
  region size 2048K, 14 young (28672K), 2 survivors (4096K)
 Metaspace       used 85625K, committed 86464K, reserved 1179648K
  class space    used 12059K, committed 12416K, reserved 1048576K
}
Event: 4009.679 GC heap after
{Heap after GC invocations=34 (full 0):
 garbage-first heap   total 79872K, used 41578K [0x0000000703400000, 0x0000000800000000)
  region size 2048K, 2 young (4096K), 2 survivors (4096K)
 Metaspace       used 85625K, committed 86464K, reserved 1179648K
  class space    used 12059K, committed 12416K, reserved 1048576K
}
Event: 4010.012 GC heap before
{Heap before GC invocations=34 (full 0):
 garbage-first heap   total 79872K, used 41578K [0x0000000703400000, 0x0000000800000000)
  region size 2048K, 3 young (6144K), 2 survivors (4096K)
 Metaspace       used 85693K, committed 86592K, reserved 1179648K
  class space    used 12070K, committed 12416K, reserved 1048576K
}
Event: 4010.286 GC heap after
{Heap after GC invocations=35 (full 1):
 garbage-first heap   total 79872K, used 34204K [0x0000000703400000, 0x0000000800000000)
  region size 2048K, 0 young (0K), 0 survivors (0K)
 Metaspace       used 85635K, committed 86592K, reserved 1179648K
  class space    used 12054K, committed 12416K, reserved 1048576K
}
Event: 4011.060 GC heap before
{Heap before GC invocations=35 (full 1):
 garbage-first heap   total 79872K, used 71068K [0x0000000703400000, 0x0000000800000000)
  region size 2048K, 18 young (36864K), 0 survivors (0K)
 Metaspace       used 85917K, committed 86720K, reserved 1179648K
  class space    used 12074K, committed 12416K, reserved 1048576K
}
Event: 4011.063 GC heap after
{Heap after GC invocations=36 (full 1):
 garbage-first heap   total 79872K, used 38241K [0x0000000703400000, 0x0000000800000000)
  region size 2048K, 2 young (4096K), 2 survivors (4096K)
 Metaspace       used 85917K, committed 86720K, reserved 1179648K
  class space    used 12074K, committed 12416K, reserved 1048576K
}
Event: 4011.706 GC heap before
{Heap before GC invocations=37 (full 1):
 garbage-first heap   total 79872K, used 64865K [0x0000000703400000, 0x0000000800000000)
  region size 2048K, 16 young (32768K), 2 survivors (4096K)
 Metaspace       used 86169K, committed 87040K, reserved 1179648K
  class space    used 12084K, committed 12480K, reserved 1048576K
}
Event: 4011.713 GC heap after
{Heap after GC invocations=38 (full 1):
 garbage-first heap   total 79872K, used 40465K [0x0000000703400000, 0x0000000800000000)
  region size 2048K, 2 young (4096K), 2 survivors (4096K)
 Metaspace       used 86169K, committed 87040K, reserved 1179648K
  class space    used 12084K, committed 12480K, reserved 1048576K
}
Event: 4012.008 GC heap before
{Heap before GC invocations=38 (full 1):
 garbage-first heap   total 79872K, used 65041K [0x0000000703400000, 0x0000000800000000)
  region size 2048K, 14 young (28672K), 2 survivors (4096K)
 Metaspace       used 86387K, committed 87232K, reserved 1179648K
  class space    used 12092K, committed 12480K, reserved 1048576K
}
Event: 4012.011 GC heap after
{Heap after GC invocations=39 (full 1):
 garbage-first heap   total 79872K, used 42086K [0x0000000703400000, 0x0000000800000000)
  region size 2048K, 1 young (2048K), 1 survivors (2048K)
 Metaspace       used 86387K, committed 87232K, reserved 1179648K
  class space    used 12092K, committed 12480K, reserved 1048576K
}
Event: 4012.268 GC heap before
{Heap before GC invocations=39 (full 1):
 garbage-first heap   total 79872K, used 68710K [0x0000000703400000, 0x0000000800000000)
  region size 2048K, 14 young (28672K), 1 survivors (2048K)
 Metaspace       used 86518K, committed 87360K, reserved 1179648K
  class space    used 12099K, committed 12480K, reserved 1048576K
}
Event: 4012.270 GC heap after
{Heap after GC invocations=40 (full 1):
 garbage-first heap   total 79872K, used 43383K [0x0000000703400000, 0x0000000800000000)
  region size 2048K, 2 young (4096K), 2 survivors (4096K)
 Metaspace       used 86518K, committed 87360K, reserved 1179648K
  class space    used 12099K, committed 12480K, reserved 1048576K
}
Event: 4013.925 GC heap before
{Heap before GC invocations=41 (full 1):
 garbage-first heap   total 81920K, used 47479K [0x0000000703400000, 0x0000000800000000)
  region size 2048K, 5 young (10240K), 2 survivors (4096K)
 Metaspace       used 86389K, committed 87360K, reserved 1179648K
  class space    used 12055K, committed 12480K, reserved 1048576K
}
Event: 4013.973 GC heap after
{Heap after GC invocations=42 (full 2):
 garbage-first heap   total 81920K, used 36381K [0x0000000703400000, 0x0000000800000000)
  region size 2048K, 0 young (0K), 0 survivors (0K)
 Metaspace       used 86271K, committed 87360K, reserved 1179648K
  class space    used 12024K, committed 12480K, reserved 1048576K
}
Event: 4014.313 GC heap before
{Heap before GC invocations=42 (full 2):
 garbage-first heap   total 81920K, used 69149K [0x0000000703400000, 0x0000000800000000)
  region size 2048K, 16 young (32768K), 0 survivors (0K)
 Metaspace       used 86507K, committed 87360K, reserved 1179648K
  class space    used 12036K, committed 12480K, reserved 1048576K
}
Event: 4014.320 GC heap after
{Heap after GC invocations=43 (full 2):
 garbage-first heap   total 165888K, used 39944K [0x0000000703400000, 0x0000000800000000)
  region size 2048K, 2 young (4096K), 2 survivors (4096K)
 Metaspace       used 86507K, committed 87360K, reserved 1179648K
  class space    used 12036K, committed 12480K, reserved 1048576K
}
Event: 4102.059 GC heap before
{Heap before GC invocations=44 (full 2):
 garbage-first heap   total 163840K, used 132104K [0x0000000703400000, 0x0000000800000000)
  region size 2048K, 48 young (98304K), 2 survivors (4096K)
 Metaspace       used 87129K, committed 87936K, reserved 1179648K
  class space    used 12065K, committed 12480K, reserved 1048576K
}
Event: 4102.063 GC heap after
{Heap after GC invocations=45 (full 2):
 garbage-first heap   total 163840K, used 43849K [0x0000000703400000, 0x0000000800000000)
  region size 2048K, 4 young (8192K), 4 survivors (8192K)
 Metaspace       used 87129K, committed 87936K, reserved 1179648K
  class space    used 12065K, committed 12480K, reserved 1048576K
}

